01:10 - PDOException MySql : MySqlConnection.php line 35 
 => SQLSTATE[HY000] [2002] Aucune connexion n’a pu être établie car l’ordinateur cible l’a expressément refusée.


01:10 - MySql Error : Wrapper.php 43 line 
 Whoops, could not connect to the MySql database!

01:10 - PDOException MySql : MySqlConnection.php line 35 
 => SQLSTATE[HY000] [2002] Aucune connexion n’a pu être établie car l’ordinateur cible l’a expressément refusée.


01:10 - MySql Error : DB.php 328 line 
 Whoops, could not connect to the MySql database!

01:10 - PDOException MySql : MySqlConnection.php line 35 
 => SQLSTATE[HY000] [2002] Aucune connexion n’a pu être établie car l’ordinateur cible l’a expressément refusée.


01:10 - MySql Error : Wrapper.php 43 line 
 Whoops, could not connect to the MySql database!

01:10 - PDOException MySql : MySqlConnection.php line 35 
 => SQLSTATE[HY000] [2002] Aucune connexion n’a pu être établie car l’ordinateur cible l’a expressément refusée.


01:10 - MySql Error : Wrapper.php 43 line 
 Whoops, could not connect to the MySql database!

01:11 - PDOException MySql : MySqlConnection.php line 35 
 => SQLSTATE[HY000] [2002] Aucune connexion n’a pu être établie car l’ordinateur cible l’a expressément refusée.


01:11 - MySql Error : Wrapper.php 43 line 
 Whoops, could not connect to the MySql database!

01:11 - PDOException MySql : MySqlConnection.php line 35 
 => SQLSTATE[HY000] [2002] Aucune connexion n’a pu être établie car l’ordinateur cible l’a expressément refusée.


01:11 - MySql Error : DB.php 328 line 
 Whoops, could not connect to the MySql database!

01:11 - PDOException MySql : MySqlConnection.php line 35 
 => SQLSTATE[HY000] [2002] Aucune connexion n’a pu être établie car l’ordinateur cible l’a expressément refusée.


01:11 - MySql Error : Wrapper.php 43 line 
 Whoops, could not connect to the MySql database!

03:00 - array(2) {
  [0]=>
  NULL
  [1]=>
  NULL
}

03:00 - string(0) ""

